{"C:\\Dados\\Cursos Programação\\Rafa\\Pagar Me\\src\\app.ts": {"path":"C:\\Dados\\Cursos Programação\\Rafa\\Pagar Me\\src\\app.ts","statementMap":{"0":{"start":{"line":6,"column":12},"end":{"line":6,"column":21}},"1":{"start":{"line":8,"column":0},"end":{"line":8,"column":26}},"2":{"start":{"line":9,"column":0},"end":{"line":9,"column":15}},"3":{"start":{"line":11,"column":0},"end":{"line":11,"column":50}}},"fnMap":{},"branchMap":{},"s":{"0":1,"1":1,"2":1,"3":1},"f":{},"b":{},"_coverageSchema":"1a1c01bbd47fc00a2c39e90264f33305004495a9","hash":"02d59fdf77de4cbe65098d4ef7456d78acae65e4"}
,"C:\\Dados\\Cursos Programação\\Rafa\\Pagar Me\\src\\server.ts": {"path":"C:\\Dados\\Cursos Programação\\Rafa\\Pagar Me\\src\\server.ts","statementMap":{"0":{"start":{"line":3,"column":0},"end":{"line":6,"column":2}},"1":{"start":{"line":4,"column":4},"end":{"line":4,"column":47}}},"fnMap":{"0":{"name":"(anonymous_0)","decl":{"start":{"line":3,"column":17},"end":{"line":3,"column":18}},"loc":{"start":{"line":3,"column":21},"end":{"line":6,"column":1}},"line":3}},"branchMap":{},"s":{"0":0,"1":0},"f":{"0":0},"b":{}}
,"C:\\Dados\\Cursos Programação\\Rafa\\Pagar Me\\src\\controllers\\service-controller.ts": {"path":"C:\\Dados\\Cursos Programação\\Rafa\\Pagar Me\\src\\controllers\\service-controller.ts","statementMap":{"0":{"start":{"line":7,"column":19},"end":{"line":7,"column":41}},"1":{"start":{"line":8,"column":27},"end":{"line":8,"column":61}},"2":{"start":{"line":12,"column":23},"end":{"line":12,"column":44}},"3":{"start":{"line":13,"column":8},"end":{"line":16,"column":9}},"4":{"start":{"line":14,"column":12},"end":{"line":14,"column":60}},"5":{"start":{"line":15,"column":12},"end":{"line":15,"column":18}},"6":{"start":{"line":17,"column":54},"end":{"line":17,"column":62}},"7":{"start":{"line":18,"column":28},"end":{"line":18,"column":80}},"8":{"start":{"line":19,"column":8},"end":{"line":19,"column":58}},"9":{"start":{"line":20,"column":8},"end":{"line":20,"column":65}}},"fnMap":{"0":{"name":"(anonymous_0)","decl":{"start":{"line":11,"column":4},"end":{"line":11,"column":5}},"loc":{"start":{"line":11,"column":80},"end":{"line":22,"column":5}},"line":11}},"branchMap":{"0":{"loc":{"start":{"line":13,"column":8},"end":{"line":16,"column":9}},"type":"if","locations":[{"start":{"line":13,"column":8},"end":{"line":16,"column":9}},{"start":{},"end":{}}],"line":13}},"s":{"0":1,"1":1,"2":4,"3":4,"4":3,"5":3,"6":1,"7":1,"8":1,"9":1},"f":{"0":4},"b":{"0":[3,1]},"_coverageSchema":"1a1c01bbd47fc00a2c39e90264f33305004495a9","hash":"3f1d43bd6564a22a45de6df15ad6552676ed1af5"}
,"C:\\Dados\\Cursos Programação\\Rafa\\Pagar Me\\src\\entities\\card.ts": {"path":"C:\\Dados\\Cursos Programação\\Rafa\\Pagar Me\\src\\entities\\card.ts","statementMap":{"0":{"start":{"line":8,"column":8},"end":{"line":8,"column":63}}},"fnMap":{"0":{"name":"(anonymous_0)","decl":{"start":{"line":2,"column":4},"end":{"line":2,"column":5}},"loc":{"start":{"line":7,"column":5},"end":{"line":9,"column":5}},"line":7}},"branchMap":{},"s":{"0":3},"f":{"0":3},"b":{},"_coverageSchema":"1a1c01bbd47fc00a2c39e90264f33305004495a9","hash":"763205869a16ea935ef64c5bc21c4921de687f3c"}
,"C:\\Dados\\Cursos Programação\\Rafa\\Pagar Me\\src\\entities\\payable.ts": {"path":"C:\\Dados\\Cursos Programação\\Rafa\\Pagar Me\\src\\entities\\payable.ts","statementMap":{"0":{"start":{"line":18,"column":8},"end":{"line":26,"column":9}},"1":{"start":{"line":19,"column":12},"end":{"line":19,"column":41}},"2":{"start":{"line":20,"column":12},"end":{"line":20,"column":44}},"3":{"start":{"line":21,"column":12},"end":{"line":21,"column":65}},"4":{"start":{"line":23,"column":12},"end":{"line":23,"column":42}},"5":{"start":{"line":24,"column":12},"end":{"line":24,"column":53}},"6":{"start":{"line":25,"column":12},"end":{"line":25,"column":92}},"7":{"start":{"line":27,"column":8},"end":{"line":27,"column":46}},"8":{"start":{"line":31,"column":8},"end":{"line":36,"column":9}}},"fnMap":{"0":{"name":"(anonymous_0)","decl":{"start":{"line":14,"column":4},"end":{"line":14,"column":5}},"loc":{"start":{"line":17,"column":5},"end":{"line":28,"column":5}},"line":17},"1":{"name":"(anonymous_1)","decl":{"start":{"line":30,"column":4},"end":{"line":30,"column":5}},"loc":{"start":{"line":30,"column":10},"end":{"line":37,"column":5}},"line":30}},"branchMap":{"0":{"loc":{"start":{"line":18,"column":8},"end":{"line":26,"column":9}},"type":"if","locations":[{"start":{"line":18,"column":8},"end":{"line":26,"column":9}},{"start":{"line":22,"column":15},"end":{"line":26,"column":9}}],"line":18}},"s":{"0":3,"1":2,"2":2,"3":2,"4":1,"5":1,"6":1,"7":3,"8":6},"f":{"0":3,"1":6},"b":{"0":[2,1]},"_coverageSchema":"1a1c01bbd47fc00a2c39e90264f33305004495a9","hash":"60b951bbb1003d9686c48f58211e0bb0ad8a1f71"}
,"C:\\Dados\\Cursos Programação\\Rafa\\Pagar Me\\src\\entities\\transaction.ts": {"path":"C:\\Dados\\Cursos Programação\\Rafa\\Pagar Me\\src\\entities\\transaction.ts","statementMap":{"0":{"start":{"line":15,"column":12},"end":{"line":20,"column":13}}},"fnMap":{"0":{"name":"(anonymous_0)","decl":{"start":{"line":6,"column":4},"end":{"line":6,"column":5}},"loc":{"start":{"line":12,"column":8},"end":{"line":12,"column":10}},"line":12},"1":{"name":"(anonymous_1)","decl":{"start":{"line":14,"column":8},"end":{"line":14,"column":9}},"loc":{"start":{"line":14,"column":28},"end":{"line":21,"column":9}},"line":14}},"branchMap":{},"s":{"0":3},"f":{"0":4,"1":3},"b":{},"_coverageSchema":"1a1c01bbd47fc00a2c39e90264f33305004495a9","hash":"dfcd1e06995a4b32287e64a6fb67d6e8a9ccc94d"}
,"C:\\Dados\\Cursos Programação\\Rafa\\Pagar Me\\src\\middleware\\validate-transaction.ts": {"path":"C:\\Dados\\Cursos Programação\\Rafa\\Pagar Me\\src\\middleware\\validate-transaction.ts","statementMap":{"0":{"start":{"line":3,"column":28},"end":{"line":5,"column":1}},"1":{"start":{"line":4,"column":4},"end":{"line":4,"column":57}}},"fnMap":{"0":{"name":"(anonymous_0)","decl":{"start":{"line":3,"column":28},"end":{"line":3,"column":29}},"loc":{"start":{"line":3,"column":32},"end":{"line":5,"column":1}},"line":3}},"branchMap":{},"s":{"0":1,"1":1},"f":{"0":1},"b":{},"_coverageSchema":"1a1c01bbd47fc00a2c39e90264f33305004495a9","hash":"4a0f76a679383786c539787b5bf490220508ee3f"}
,"C:\\Dados\\Cursos Programação\\Rafa\\Pagar Me\\src\\repository\\file.ts": {"path":"C:\\Dados\\Cursos Programação\\Rafa\\Pagar Me\\src\\repository\\file.ts","statementMap":{"0":{"start":{"line":7,"column":21},"end":{"line":7,"column":39}},"1":{"start":{"line":8,"column":17},"end":{"line":8,"column":31}},"2":{"start":{"line":11,"column":4},"end":{"line":14,"column":5}},"3":{"start":{"line":12,"column":19},"end":{"line":12,"column":55}},"4":{"start":{"line":13,"column":6},"end":{"line":13,"column":30}},"5":{"start":{"line":15,"column":4},"end":{"line":15,"column":14}},"6":{"start":{"line":19,"column":4},"end":{"line":19,"column":59}},"7":{"start":{"line":20,"column":4},"end":{"line":20,"column":26}},"8":{"start":{"line":21,"column":4},"end":{"line":21,"column":74}},"9":{"start":{"line":25,"column":4},"end":{"line":25,"column":59}},"10":{"start":{"line":26,"column":4},"end":{"line":26,"column":24}},"11":{"start":{"line":29,"column":21},"end":{"line":29,"column":56}},"12":{"start":{"line":30,"column":4},"end":{"line":30,"column":34}},"13":{"start":{"line":31,"column":4},"end":{"line":31,"column":66}},"14":{"start":{"line":35,"column":21},"end":{"line":35,"column":56}},"15":{"start":{"line":36,"column":4},"end":{"line":36,"column":20}}},"fnMap":{"0":{"name":"(anonymous_0)","decl":{"start":{"line":10,"column":2},"end":{"line":10,"column":3}},"loc":{"start":{"line":10,"column":32},"end":{"line":16,"column":3}},"line":10},"1":{"name":"(anonymous_1)","decl":{"start":{"line":17,"column":2},"end":{"line":17,"column":3}},"loc":{"start":{"line":17,"column":41},"end":{"line":22,"column":3}},"line":17},"2":{"name":"(anonymous_2)","decl":{"start":{"line":23,"column":2},"end":{"line":23,"column":3}},"loc":{"start":{"line":23,"column":35},"end":{"line":27,"column":3}},"line":23},"3":{"name":"(anonymous_3)","decl":{"start":{"line":28,"column":2},"end":{"line":28,"column":3}},"loc":{"start":{"line":28,"column":38},"end":{"line":33,"column":3}},"line":28},"4":{"name":"(anonymous_4)","decl":{"start":{"line":34,"column":2},"end":{"line":34,"column":3}},"loc":{"start":{"line":34,"column":16},"end":{"line":37,"column":3}},"line":34}},"branchMap":{"0":{"loc":{"start":{"line":11,"column":4},"end":{"line":14,"column":5}},"type":"if","locations":[{"start":{"line":11,"column":4},"end":{"line":14,"column":5}},{"start":{},"end":{}}],"line":11}},"s":{"0":1,"1":1,"2":7,"3":5,"4":5,"5":2,"6":2,"7":2,"8":2,"9":1,"10":1,"11":1,"12":1,"13":1,"14":3,"15":3},"f":{"0":7,"1":2,"2":1,"3":1,"4":3},"b":{"0":[5,2]},"_coverageSchema":"1a1c01bbd47fc00a2c39e90264f33305004495a9","hash":"e7747693a70a317a2dedef54804c71ec27d2caca"}
,"C:\\Dados\\Cursos Programação\\Rafa\\Pagar Me\\src\\repository\\memory.ts": {"path":"C:\\Dados\\Cursos Programação\\Rafa\\Pagar Me\\src\\repository\\memory.ts","statementMap":{"0":{"start":{"line":7,"column":34},"end":{"line":7,"column":36}},"1":{"start":{"line":8,"column":22},"end":{"line":8,"column":24}},"2":{"start":{"line":11,"column":8},"end":{"line":11,"column":34}},"3":{"start":{"line":14,"column":8},"end":{"line":14,"column":32}},"4":{"start":{"line":17,"column":8},"end":{"line":17,"column":42}},"5":{"start":{"line":21,"column":8},"end":{"line":21,"column":28}}},"fnMap":{"0":{"name":"(anonymous_0)","decl":{"start":{"line":10,"column":4},"end":{"line":10,"column":5}},"loc":{"start":{"line":10,"column":36},"end":{"line":12,"column":5}},"line":10},"1":{"name":"(anonymous_1)","decl":{"start":{"line":13,"column":4},"end":{"line":13,"column":5}},"loc":{"start":{"line":13,"column":36},"end":{"line":15,"column":5}},"line":13},"2":{"name":"(anonymous_2)","decl":{"start":{"line":16,"column":4},"end":{"line":16,"column":5}},"loc":{"start":{"line":16,"column":40},"end":{"line":19,"column":5}},"line":16},"3":{"name":"(anonymous_3)","decl":{"start":{"line":20,"column":4},"end":{"line":20,"column":5}},"loc":{"start":{"line":20,"column":18},"end":{"line":22,"column":5}},"line":20}},"branchMap":{},"s":{"0":2,"1":2,"2":3,"3":1,"4":1,"5":3},"f":{"0":3,"1":1,"2":1,"3":3},"b":{},"_coverageSchema":"1a1c01bbd47fc00a2c39e90264f33305004495a9","hash":"278327a248046e2947b322312b732ee774f6ee09"}
,"C:\\Dados\\Cursos Programação\\Rafa\\Pagar Me\\src\\repository\\respository.ts": {"path":"C:\\Dados\\Cursos Programação\\Rafa\\Pagar Me\\src\\repository\\respository.ts","statementMap":{},"fnMap":{},"branchMap":{},"s":{},"f":{},"b":{}}
,"C:\\Dados\\Cursos Programação\\Rafa\\Pagar Me\\src\\routes\\transaction-service.ts": {"path":"C:\\Dados\\Cursos Programação\\Rafa\\Pagar Me\\src\\routes\\transaction-service.ts","statementMap":{"0":{"start":{"line":6,"column":40},"end":{"line":6,"column":48}},"1":{"start":{"line":13,"column":0},"end":{"line":13,"column":106}}},"fnMap":{},"branchMap":{},"s":{"0":1,"1":1},"f":{},"b":{},"_coverageSchema":"1a1c01bbd47fc00a2c39e90264f33305004495a9","hash":"5a6f9ac462b939cb9adcd5c1e1573468f8dbed6d"}
,"C:\\Dados\\Cursos Programação\\Rafa\\Pagar Me\\src\\service\\service.ts": {"path":"C:\\Dados\\Cursos Programação\\Rafa\\Pagar Me\\src\\service\\service.ts","statementMap":{"0":{"start":{"line":15,"column":4},"end":{"line":15,"column":40}},"1":{"start":{"line":18,"column":4},"end":{"line":18,"column":45}},"2":{"start":{"line":21,"column":33},"end":{"line":21,"column":56}},"3":{"start":{"line":22,"column":20},"end":{"line":22,"column":49}},"4":{"start":{"line":23,"column":4},"end":{"line":23,"column":41}},"5":{"start":{"line":26,"column":28},"end":{"line":26,"column":57}},"6":{"start":{"line":27,"column":29},"end":{"line":32,"column":6}},"7":{"start":{"line":28,"column":6},"end":{"line":30,"column":7}},"8":{"start":{"line":29,"column":8},"end":{"line":29,"column":29}},"9":{"start":{"line":31,"column":6},"end":{"line":31,"column":15}},"10":{"start":{"line":33,"column":31},"end":{"line":38,"column":6}},"11":{"start":{"line":34,"column":6},"end":{"line":36,"column":7}},"12":{"start":{"line":35,"column":8},"end":{"line":35,"column":29}},"13":{"start":{"line":37,"column":6},"end":{"line":37,"column":15}},"14":{"start":{"line":39,"column":27},"end":{"line":39,"column":93}},"15":{"start":{"line":39,"column":68},"end":{"line":39,"column":88}},"16":{"start":{"line":40,"column":30},"end":{"line":40,"column":98}},"17":{"start":{"line":40,"column":73},"end":{"line":40,"column":93}},"18":{"start":{"line":42,"column":4},"end":{"line":42,"column":66}}},"fnMap":{"0":{"name":"(anonymous_0)","decl":{"start":{"line":12,"column":2},"end":{"line":12,"column":3}},"loc":{"start":{"line":12,"column":57},"end":{"line":12,"column":59}},"line":12},"1":{"name":"(anonymous_1)","decl":{"start":{"line":14,"column":2},"end":{"line":14,"column":3}},"loc":{"start":{"line":14,"column":38},"end":{"line":16,"column":3}},"line":14},"2":{"name":"(anonymous_2)","decl":{"start":{"line":17,"column":2},"end":{"line":17,"column":3}},"loc":{"start":{"line":17,"column":20},"end":{"line":19,"column":3}},"line":17},"3":{"name":"(anonymous_3)","decl":{"start":{"line":20,"column":2},"end":{"line":20,"column":3}},"loc":{"start":{"line":20,"column":39},"end":{"line":24,"column":3}},"line":20},"4":{"name":"(anonymous_4)","decl":{"start":{"line":25,"column":2},"end":{"line":25,"column":3}},"loc":{"start":{"line":25,"column":17},"end":{"line":43,"column":3}},"line":25},"5":{"name":"(anonymous_5)","decl":{"start":{"line":27,"column":42},"end":{"line":27,"column":43}},"loc":{"start":{"line":27,"column":55},"end":{"line":32,"column":5}},"line":27},"6":{"name":"(anonymous_6)","decl":{"start":{"line":33,"column":44},"end":{"line":33,"column":45}},"loc":{"start":{"line":33,"column":57},"end":{"line":38,"column":5}},"line":33},"7":{"name":"(anonymous_7)","decl":{"start":{"line":39,"column":51},"end":{"line":39,"column":52}},"loc":{"start":{"line":39,"column":67},"end":{"line":39,"column":89}},"line":39},"8":{"name":"(anonymous_8)","decl":{"start":{"line":40,"column":56},"end":{"line":40,"column":57}},"loc":{"start":{"line":40,"column":72},"end":{"line":40,"column":94}},"line":40}},"branchMap":{"0":{"loc":{"start":{"line":28,"column":6},"end":{"line":30,"column":7}},"type":"if","locations":[{"start":{"line":28,"column":6},"end":{"line":30,"column":7}},{"start":{},"end":{}}],"line":28},"1":{"loc":{"start":{"line":34,"column":6},"end":{"line":36,"column":7}},"type":"if","locations":[{"start":{"line":34,"column":6},"end":{"line":36,"column":7}},{"start":{},"end":{}}],"line":34}},"s":{"0":5,"1":2,"2":2,"3":2,"4":2,"5":2,"6":2,"7":2,"8":1,"9":1,"10":2,"11":2,"12":1,"13":1,"14":2,"15":2,"16":2,"17":2,"18":2},"f":{"0":3,"1":5,"2":2,"3":2,"4":2,"5":2,"6":2,"7":2,"8":2},"b":{"0":[1,1],"1":[1,1]},"_coverageSchema":"1a1c01bbd47fc00a2c39e90264f33305004495a9","hash":"61fa7bc85d72ad93f20075a88a90dbd5de739ee8"}
}
